<?xml version="1.0" encoding="UTF-8"?>
<testng-results ignored="0" total="1" passed="1" failed="0" skipped="0">
  <reporter-output>
  </reporter-output>
  <suite started-at="2024-09-11T22:43:28 IST" name="Default suite" finished-at="2024-09-11T22:43:40 IST" duration-ms="11309">
    <groups>
    </groups>
    <test started-at="2024-09-11T22:43:28 IST" name="Default test" finished-at="2024-09-11T22:43:40 IST" duration-ms="11309">
      <class name="rahulshettyacedemy.ExtendReport.ExtendReportDemo">
        <test-method is-config="true" signature="config()[pri:0, instance:rahulshettyacedemy.ExtendReport.ExtendReportDemo@609e8838]" started-at="2024-09-11T22:43:28 IST" name="config" finished-at="2024-09-11T22:43:29 IST" duration-ms="337" status="PASS">
          <reporter-output>
          </reporter-output>
        </test-method> <!-- config -->
        <test-method signature="intialDemo()[pri:0, instance:rahulshettyacedemy.ExtendReport.ExtendReportDemo@609e8838]" started-at="2024-09-11T22:43:29 IST" name="intialDemo" finished-at="2024-09-11T22:43:40 IST" duration-ms="10920" status="PASS">
          <reporter-output>
          </reporter-output>
        </test-method> <!-- intialDemo -->
      </class> <!-- rahulshettyacedemy.ExtendReport.ExtendReportDemo -->
    </test> <!-- Default test -->
  </suite> <!-- Default suite -->
</testng-results>
